Using pre-set license
Built from '2020.3/staging' branch; Version is '2020.3.13f1 (71691879b7f5) revision 7432472'; Using compiler version '192528614'; Build Type 'Release'
OS: 'Windows 10 Pro; OS build 19042.1165; Version 2009; 64bit' Language: 'ko' Physical Memory: 16226 MB
BatchMode: 1, IsHumanControllingUs: 0, StartBugReporterOnCrash: 0, Is64bit: 1, IsPro: 0

 COMMAND LINE ARGUMENTS:
C:\Program Files\Unity\Hub\Editor\2020.3.13f1\Editor\Unity.exe
-adb2
-batchMode
-noUpm
-name
AssetImportWorker0
-projectPath
C:/Users/wlstj/Desktop/UnityProjects/Hunt Monster
-logFile
Logs/AssetImportWorker0.log
-srvPort
61991
Successfully changed project path to: C:/Users/wlstj/Desktop/UnityProjects/Hunt Monster
C:/Users/wlstj/Desktop/UnityProjects/Hunt Monster
Using Asset Import Pipeline V2.
Refreshing native plugins compatible for Editor in 147.06 ms, found 2 plugins.
Preloading 0 native plugins for Editor in 0.00 ms.
Initialize engine version: 2020.3.13f1 (71691879b7f5)
[Subsystems] Discovering subsystems at path C:/Program Files/Unity/Hub/Editor/2020.3.13f1/Editor/Data/Resources/UnitySubsystems
[Subsystems] Discovering subsystems at path C:/Users/wlstj/Desktop/UnityProjects/Hunt Monster/Assets
GfxDevice: creating device client; threaded=0
Direct3D:
    Version:  Direct3D 11.0 [level 11.1]
    Renderer: NVIDIA GeForce RTX 2060 (ID=0x1f15)
    Vendor:   
    VRAM:     5980 MB
    Driver:   26.21.14.4223
Initialize mono
Mono path[0] = 'C:/Program Files/Unity/Hub/Editor/2020.3.13f1/Editor/Data/Managed'
Mono path[1] = 'C:/Program Files/Unity/Hub/Editor/2020.3.13f1/Editor/Data/MonoBleedingEdge/lib/mono/unityjit'
Mono config path = 'C:/Program Files/Unity/Hub/Editor/2020.3.13f1/Editor/Data/MonoBleedingEdge/etc'
Using monoOptions --debugger-agent=transport=dt_socket,embedding=1,server=y,suspend=n,address=127.0.0.1:56784
Begin MonoManager ReloadAssembly
Registering precompiled unity dll's ...
Register platform support module: C:/Program Files/Unity/Hub/Editor/2020.3.13f1/Editor/Data/PlaybackEngines/WindowsStandaloneSupport/UnityEditor.WindowsStandalone.Extensions.dll
Registered in 0.008974 seconds.
Native extension for WindowsStandalone target not found
Refreshing native plugins compatible for Editor in 152.79 ms, found 2 plugins.
Preloading 0 native plugins for Editor in 0.00 ms.
Mono: successfully reloaded assembly
- Completed reload, in  5.650 seconds
Platform modules already initialized, skipping
Registering precompiled user dll's ...
Registered in 0.028869 seconds.
Begin MonoManager ReloadAssembly
Native extension for WindowsStandalone target not found
Refreshing native plugins compatible for Editor in 120.70 ms, found 2 plugins.
Preloading 0 native plugins for Editor in 0.00 ms.
Mono: successfully reloaded assembly
- Completed reload, in  2.677 seconds
Platform modules already initialized, skipping
========================================================================
Worker process is ready to serve import requests
Launched and connected shader compiler UnityShaderCompiler.exe after 0.13 seconds
Refreshing native plugins compatible for Editor in 0.91 ms, found 2 plugins.
Preloading 0 native plugins for Editor in 0.00 ms.
Unloading 2971 Unused Serialized files (Serialized files now loaded: 0)
System memory in use before: 117.6 MB.
System memory in use after: 117.8 MB.

Unloading 30 unused Assets to reduce memory usage. Loaded Objects now: 3418.
Total: 3.969400 ms (FindLiveObjects: 0.405100 ms CreateObjectMapping: 0.255500 ms MarkObjects: 3.163800 ms  DeleteObjects: 0.143100 ms)

AssetImportParameters requested are different than current active one (requested -> active):
  custom:framework-win-MediaFoundation: 216162199b28c13a410421893ffa2e32 -> 
  custom:video-decoder-ogg-theora: a1e56fd34408186e4bbccfd4996cb3dc -> 
  custom:container-muxer-webm: aa71ff27fc2769a1b78a27578f13a17b -> 
  custom:container-demuxer-webm: 4f35f7cbe854078d1ac9338744f61a02 -> 
  custom:container-demuxer-ogg: 62fdf1f143b41e24485cea50d1cbac27 -> 
  custom:video-encoder-webm-vp8: eb34c28f22e8b96e1ab97ce403110664 -> 
  custom:video-decoder-webm-vp8: 9c59270c3fd7afecdb556c50c9e8de78 -> 
  custom:audio-decoder-ogg-vorbis: bf7c407c2cedff20999df2af8eb42d56 -> 
  custom:audio-encoder-webm-vorbis: bf7c407c2cedff20999df2af8eb42d56 -> 
========================================================================
Received Import Request.
  path: Assets/Scripts/Material/Unit/SkeletonModel.fbx
  artifactKey: Guid(95735fd0cccaf7d4d9b990080d23a937) Importer(815301076,1909f56bfc062723c751e8b465ee728b)
Start importing Assets/Scripts/Material/Unit/SkeletonModel.fbx using Guid(95735fd0cccaf7d4d9b990080d23a937) Importer(815301076,1909f56bfc062723c751e8b465ee728b)  -> (artifact id: '8366ab6c8e170dc797945f825a55ff24') in 0.471804 seconds 
  Import took 0.480221 seconds .

========================================================================
Received Import Request.
  Time since last request: 0.000575 seconds.
  path: Assets/Scripts/Material/Unit/ZombieFBX.fbx
  artifactKey: Guid(44cd6214baf174941bfa87e78cd9419f) Importer(815301076,1909f56bfc062723c751e8b465ee728b)
Start importing Assets/Scripts/Material/Unit/ZombieFBX.fbx using Guid(44cd6214baf174941bfa87e78cd9419f) Importer(815301076,1909f56bfc062723c751e8b465ee728b)  -> (artifact id: '91dd036034642646cbb7bd42007e051b') in 0.043027 seconds 
  Import took 0.051670 seconds .

========================================================================
Received Import Request.
  Time since last request: 0.000521 seconds.
  path: Assets/Scripts/Material/Unit/PlayerModel.fbx
  artifactKey: Guid(92c701b37a9a55f4db133a0b25a7ced1) Importer(815301076,1909f56bfc062723c751e8b465ee728b)
Start importing Assets/Scripts/Material/Unit/PlayerModel.fbx using Guid(92c701b37a9a55f4db133a0b25a7ced1) Importer(815301076,1909f56bfc062723c751e8b465ee728b)  -> (artifact id: '7d88927ac2bf1be63ed7fc14783575fe') in 0.035996 seconds 
  Import took 0.045575 seconds .

========================================================================
Received Import Request.
  Time since last request: 0.003060 seconds.
  path: Assets/Scripts/Material/Unit/PlayerModel.fbx
  artifactKey: Guid(92c701b37a9a55f4db133a0b25a7ced1) Importer(815301076,1909f56bfc062723c751e8b465ee728b)
Start importing Assets/Scripts/Material/Unit/PlayerModel.fbx using Guid(92c701b37a9a55f4db133a0b25a7ced1) Importer(815301076,1909f56bfc062723c751e8b465ee728b)  -> (artifact id: '7d88927ac2bf1be63ed7fc14783575fe') in 0.026933 seconds 
  Import took 0.037652 seconds .

========================================================================
Received Import Request.
  Time since last request: 35.834008 seconds.
  path: Assets/Scripts/Bullet.FBX
  artifactKey: Guid(74b1a0e0fbd0f2948bba55964f33a572) Importer(815301076,1909f56bfc062723c751e8b465ee728b)
Start importing Assets/Scripts/Bullet.FBX using Guid(74b1a0e0fbd0f2948bba55964f33a572) Importer(815301076,1909f56bfc062723c751e8b465ee728b)  -> (artifact id: '5eaef1d4a22fe4379109573eada30e1a') in 0.053687 seconds 
  Import took 0.062120 seconds .

========================================================================
Received Import Request.
  Time since last request: 63.659590 seconds.
  path: Assets/Prefab/Unit/TestMonster.prefab
  artifactKey: Guid(5700097d52bfff446a3e000c7ed85563) Importer(815301076,1909f56bfc062723c751e8b465ee728b)
Start importing Assets/Prefab/Unit/TestMonster.prefab using Guid(5700097d52bfff446a3e000c7ed85563) Importer(815301076,1909f56bfc062723c751e8b465ee728b)  -> (artifact id: 'dadf7758a4394b20802b18b166c50d01') in 0.041799 seconds 
  Import took 0.052916 seconds .

========================================================================
Received Import Request.
  Time since last request: 0.000535 seconds.
  path: Assets/Plugins/Zenject/OptionalExtras/MemoryPoolMonitor/Editor/Zenject-PoolMonitor-Editor.asmdef
  artifactKey: Guid(e988738e8012f5a4fa42a45fcab11e2c) Importer(815301076,1909f56bfc062723c751e8b465ee728b)
Start importing Assets/Plugins/Zenject/OptionalExtras/MemoryPoolMonitor/Editor/Zenject-PoolMonitor-Editor.asmdef using Guid(e988738e8012f5a4fa42a45fcab11e2c) Importer(815301076,1909f56bfc062723c751e8b465ee728b)  -> (artifact id: 'd82ee0dded8f943605a2dac479d42226') in 0.020359 seconds 
  Import took 0.028718 seconds .

========================================================================
Received Import Request.
  Time since last request: 2.324733 seconds.
  path: Assets/Scripts/Unit/Monster/Monster.cs
  artifactKey: Guid(61f25fd478b5b54429ede15487418378) Importer(815301076,1909f56bfc062723c751e8b465ee728b)
Start importing Assets/Scripts/Unit/Monster/Monster.cs using Guid(61f25fd478b5b54429ede15487418378) Importer(815301076,1909f56bfc062723c751e8b465ee728b)  -> (artifact id: '0f67dfe7688464e6114dca2bc8e69162') in 0.032806 seconds 
  Import took 0.043623 seconds .

